1643578384134	geckodriver	INFO	Listening on 127.0.0.1:43965
1643578384643	mozrunner::runner	INFO	Running command: "/bin/firefox" "--marionette" "-headless" "--remote-debugging-port" "48371" "-no-remote" "-profile" "/tmp/rust_mozprofile7l294K"
*** You are running in headless mode.
1643578385540	Marionette	INFO	Marionette enabled
[GFX1-]: RenderCompositorSWGL failed mapping default framebuffer, no dt
console.warn: SearchSettings: "get: No settings file exists, new profile?" (new NotFoundError("Could not open the file at /tmp/rust_mozprofile7l294K/search.json.mozlz4", (void 0)))
DevTools listening on ws://localhost:48371/devtools/browser/abd1e1aa-36bf-4155-819a-a2a969df719e
1643578389321	Marionette	INFO	Listening on port 37859
1643578389407	RemoteAgent	WARN	TLS certificate errors will be ignored for this session
1643578421879	Marionette	INFO	Stopped listening on port 37859
1643579489250	geckodriver	INFO	Listening on 127.0.0.1:54749
1643579489255	mozrunner::runner	INFO	Running command: "/bin/firefox" "--marionette" "-headless" "--remote-debugging-port" "51443" "-no-remote" "-profile" "/tmp/rust_mozprofileKT7oss"
*** You are running in headless mode.
1643579489689	Marionette	INFO	Marionette enabled
[GFX1-]: RenderCompositorSWGL failed mapping default framebuffer, no dt
console.warn: SearchSettings: "get: No settings file exists, new profile?" (new NotFoundError("Could not open the file at /tmp/rust_mozprofileKT7oss/search.json.mozlz4", (void 0)))
DevTools listening on ws://localhost:51443/devtools/browser/12164614-0711-438c-9a70-87557b799468
1643579491933	Marionette	INFO	Listening on port 32827
1643579492007	RemoteAgent	WARN	TLS certificate errors will be ignored for this session
1643579523941	Marionette	INFO	Stopped listening on port 32827
1643580584001	geckodriver	INFO	Listening on 127.0.0.1:42201
1643580584007	mozrunner::runner	INFO	Running command: "/bin/firefox" "--marionette" "-headless" "--remote-debugging-port" "33479" "-no-remote" "-profile" "/tmp/rust_mozprofile0hebHx"
*** You are running in headless mode.
1643580584424	Marionette	INFO	Marionette enabled
[GFX1-]: RenderCompositorSWGL failed mapping default framebuffer, no dt
console.warn: SearchSettings: "get: No settings file exists, new profile?" (new NotFoundError("Could not open the file at /tmp/rust_mozprofile0hebHx/search.json.mozlz4", (void 0)))
DevTools listening on ws://localhost:33479/devtools/browser/0e485957-71c5-46ef-a5b0-d975c00e5254
1643580586928	Marionette	INFO	Listening on port 43749
1643580586959	RemoteAgent	WARN	TLS certificate errors will be ignored for this session
1643580618675	Marionette	INFO	Stopped listening on port 43749
